--2026-03-17 10:34:17--  https://zenodo.org/records/15733378/files/ecoli_and_lambda.tar
Resolving zenodo.org (zenodo.org)... 188.185.48.75, 137.138.52.235, 137.138.153.219, ...
Connecting to zenodo.org (zenodo.org)|188.185.48.75|:443... connected.
HTTP request sent, awaiting response... 200 OK
Length: 8632320 (8.2M) [application/octet-stream]
Saving to: ‘ecoli_and_lambda.tar’

     0K .......... .......... .......... .......... ..........  0%  259K 32s
    50K .......... .......... .......... .......... ..........  1%  522K 24s
   100K .......... .......... .......... .......... ..........  1% 24.5M 16s
   150K .......... .......... .......... .......... ..........  2%  534K 16s
   200K .......... .......... .......... .......... ..........  2% 25.1M 13s
   250K .......... .......... .......... .......... ..........  3% 58.4M 10s
   300K .......... .......... .......... .......... ..........  4% 89.3M 9s
   350K .......... .......... .......... .......... ..........  4% 79.6M 8s
   400K .......... .......... .......... .......... ..........  5%  541K 9s
   450K .......... .......... .......... .......... ..........  5% 37.3M 8s
   500K .......... .......... .......... .......... ..........  6% 95.6M 7s
   550K .......... .......... .......... .......... ..........  7% 75.1M 6s
   600K .......... .......... .......... .......... ..........  7% 62.8M 6s
   650K .......... .......... .......... .......... ..........  8%  108M 5s
   700K .......... .......... .......... .......... ..........  8% 91.9M 5s
   750K .......... .......... .......... .......... ..........  9%  114M 5s
   800K .......... .......... .......... .......... .......... 10% 70.3M 4s
   850K .......... .......... .......... .......... .......... 10%  555K 5s
   900K .......... .......... .......... .......... .......... 11% 77.5M 5s
   950K .......... .......... .......... .......... .......... 11% 64.9M 4s
  1000K .......... .......... .......... .......... .......... 12% 45.6M 4s
  1050K .......... .......... .......... .......... .......... 13% 62.6M 4s
  1100K .......... .......... .......... .......... .......... 13% 81.1M 4s
  1150K .......... .......... .......... .......... .......... 14%  114M 3s
  1200K .......... .......... .......... .......... .......... 14% 89.2M 3s
  1250K .......... .......... .......... .......... .......... 15%  108M 3s
  1300K .......... .......... .......... .......... .......... 16% 95.1M 3s
  1350K .......... .......... .......... .......... .......... 16%  106M 3s
  1400K .......... .......... .......... .......... .......... 17%  108M 3s
  1450K .......... .......... .......... .......... .......... 17%  113M 3s
  1500K .......... .......... .......... .......... .......... 18%  126M 3s
  1550K .......... .......... .......... .......... .......... 18%  112M 2s
  1600K .......... .......... .......... .......... .......... 19%  105M 2s
  1650K .......... .......... .......... .......... .......... 20%  113M 2s
  1700K .......... .......... .......... .......... .......... 20% 97.7M 2s
  1750K .......... .......... .......... .......... .......... 21%  578K 2s
  1800K .......... .......... .......... .......... .......... 21% 80.9M 2s
  1850K .......... .......... .......... .......... .......... 22% 83.5M 2s
  1900K .......... .......... .......... .......... .......... 23%  111M 2s
  1950K .......... .......... .......... .......... .......... 23%  111M 2s
  2000K .......... .......... .......... .......... .......... 24%  112M 2s
  2050K .......... .......... .......... .......... .......... 24% 90.5M 2s
  2100K .......... .......... .......... .......... .......... 25%  100M 2s
  2150K .......... .......... .......... .......... .......... 26%  119M 2s
  2200K .......... .......... .......... .......... .......... 26%  112M 2s
  2250K .......... .......... .......... .......... .......... 27%  109M 2s
  2300K .......... .......... .......... .......... .......... 27%  112M 2s
  2350K .......... .......... .......... .......... .......... 28%  106M 2s
  2400K .......... .......... .......... .......... .......... 29% 94.2M 2s
  2450K .......... .......... .......... .......... .......... 29% 85.3M 2s
  2500K .......... .......... .......... .......... .......... 30%  123M 2s
  2550K .......... .......... .......... .......... .......... 30%  108M 2s
  2600K .......... .......... .......... .......... .......... 31%  118M 1s
  2650K .......... .......... .......... .......... .......... 32%  104M 1s
  2700K .......... .......... .......... .......... .......... 32%  139M 1s
  2750K .......... .......... .......... .......... .......... 33%  114M 1s
  2800K .......... .......... .......... .......... .......... 33%  104M 1s
  2850K .......... .......... .......... .......... .......... 34% 90.5M 1s
  2900K .......... .......... .......... .......... .......... 34%  114M 1s
  2950K .......... .......... .......... .......... .......... 35%  113M 1s
  3000K .......... .......... .......... .......... .......... 36%  126M 1s
  3050K .......... .......... .......... .......... .......... 36%  113M 1s
  3100K .......... .......... .......... .......... .......... 37%  108M 1s
  3150K .......... .......... .......... .......... .......... 37%  118M 1s
  3200K .......... .......... .......... .......... .......... 38% 88.9M 1s
  3250K .......... .......... .......... .......... .......... 39%  486K 1s
  3300K .......... .......... .......... .......... .......... 39%  155M 1s
  3350K .......... .......... .......... .......... .......... 40%  515K 1s
  3400K .......... .......... .......... .......... .......... 40%  266M 1s
  3450K .......... .......... .......... .......... .......... 41%  329M 1s
  3500K .......... .......... .......... .......... .......... 42%  333M 1s
  3550K .......... .......... .......... .......... .......... 42%  319M 1s
  3600K .......... .......... .......... .......... .......... 43%  264M 1s
  3650K .......... .......... .......... .......... .......... 43%  334M 1s
  3700K .......... .......... .......... .......... .......... 44%  307M 1s
  3750K .......... .......... .......... .......... .......... 45%  334M 1s
  3800K .......... .......... .......... .......... .......... 45%  293M 1s
  3850K .......... .......... .......... .......... .......... 46%  296M 1s
  3900K .......... .......... .......... .......... .......... 46%  338M 1s
  3950K .......... .......... .......... .......... .......... 47%  270M 1s
  4000K .......... .......... .......... .......... .......... 48%  312M 1s
  4050K .......... .......... .......... .......... .......... 48%  325M 1s
  4100K .......... .......... .......... .......... .......... 49%  336M 1s
  4150K .......... .......... .......... .......... .......... 49%  294M 1s
  4200K .......... .......... .......... .......... .......... 50%  329M 1s
  4250K .......... .......... .......... .......... .......... 51%  336M 1s
  4300K .......... .......... .......... .......... .......... 51%  310M 1s
  4350K .......... .......... .......... .......... .......... 52%  255M 1s
  4400K .......... .......... .......... .......... .......... 52%  339M 1s
  4450K .......... .......... .......... .......... .......... 53%  325M 1s
  4500K .......... .......... .......... .......... .......... 53%  337M 1s
  4550K .......... .......... .......... .......... .......... 54%  307M 1s
  4600K .......... .......... .......... .......... .......... 55%  322M 1s
  4650K .......... .......... .......... .......... .......... 55%  308M 1s
  4700K .......... .......... .......... .......... .......... 56%  307M 1s
  4750K .......... .......... .......... .......... .......... 56%  278M 1s
  4800K .......... .......... .......... .......... .......... 57%  332M 1s
  4850K .......... .......... .......... .......... .......... 58%  320M 1s
  4900K .......... .......... .......... .......... .......... 58%  324M 1s
  4950K .......... .......... .......... .......... .......... 59%  288M 1s
  5000K .......... .......... .......... .......... .......... 59%  339M 1s
  5050K .......... .......... .......... .......... .......... 60%  330M 1s
  5100K .......... .......... .......... .......... .......... 61%  261M 1s
  5150K .......... .......... .......... .......... .......... 61%  341M 1s
  5200K .......... .......... .......... .......... .......... 62%  327M 1s
  5250K .......... .......... .......... .......... .......... 62%  330M 1s
  5300K .......... .......... .......... .......... .......... 63%  292M 1s
  5350K .......... .......... .......... .......... .......... 64%  303M 1s
  5400K .......... .......... .......... .......... .......... 64%  322M 0s
  5450K .......... .......... .......... .......... .......... 65%  322M 0s
  5500K .......... .......... .......... .......... .......... 65%  275M 0s
  5550K .......... .......... .......... .......... .......... 66%  336M 0s
  5600K .......... .......... .......... .......... .......... 67%  312M 0s
  5650K .......... .......... .......... .......... .......... 67%  318M 0s
  5700K .......... .......... .......... .......... .......... 68%  300M 0s
  5750K .......... .......... .......... .......... .......... 68%  337M 0s
  5800K .......... .......... .......... .......... .......... 69%  344M 0s
  5850K .......... .......... .......... .......... .......... 69%  330M 0s
  5900K .......... .......... .......... .......... .......... 70%  223M 0s
  5950K .......... .......... .......... .......... .......... 71%  340M 0s
  6000K .......... .......... .......... .......... .......... 71%  321M 0s
  6050K .......... .......... .......... .......... .......... 72%  304M 0s
  6100K .......... .......... .......... .......... .......... 72%  334M 0s
  6150K .......... .......... .......... .......... .......... 73%  314M 0s
  6200K .......... .......... .......... .......... .......... 74%  325M 0s
  6250K .......... .......... .......... .......... .......... 74%  268M 0s
  6300K .......... .......... .......... .......... .......... 75%  341M 0s
  6350K .......... .......... .......... .......... .......... 75%  576K 0s
  6400K .......... .......... .......... .......... .......... 76% 99.0M 0s
  6450K .......... .......... .......... .......... .......... 77%  108M 0s
  6500K .......... .......... .......... .......... .......... 77%  109M 0s
  6550K .......... .......... .......... .......... .......... 78% 63.3M 0s
  6600K .......... .......... .......... .......... .......... 78% 81.2M 0s
  6650K .......... .......... .......... .......... .......... 79% 97.8M 0s
  6700K .......... .......... .......... .......... .......... 80%  125M 0s
  6750K .......... .......... .......... .......... .......... 80%  120M 0s
  6800K .......... .......... .......... .......... .......... 81%  113M 0s
  6850K .......... .......... .......... .......... .......... 81% 93.2M 0s
  6900K .......... .......... .......... .......... .......... 82%  131M 0s
  6950K .......... .......... .......... .......... .......... 83%  113M 0s
  7000K .......... .......... .......... .......... .......... 83% 91.1M 0s
  7050K .......... .......... .......... .......... .......... 84%  113M 0s
  7100K .......... .......... .......... .......... .......... 84%  105M 0s
  7150K .......... .......... .......... .......... .......... 85%  124M 0s
  7200K .......... .......... .......... .......... .......... 86%  127M 0s
  7250K .......... .......... .......... .......... .......... 86% 96.3M 0s
  7300K .......... .......... .......... .......... .......... 87%  113M 0s
  7350K .......... .......... .......... .......... .......... 87%  101M 0s
  7400K .......... .......... .......... .......... .......... 88% 95.4M 0s
  7450K .......... .......... .......... .......... .......... 88%  113M 0s
  7500K .......... .......... .......... .......... .......... 89%  113M 0s
  7550K .......... .......... .......... .......... .......... 90%  133M 0s
  7600K .......... .......... .......... .......... .......... 90% 89.2M 0s
  7650K .......... .......... .......... .......... .......... 91%  113M 0s
  7700K .......... .......... .......... .......... .......... 91%  121M 0s
  7750K .......... .......... .......... .......... .......... 92%  104M 0s
  7800K .......... .......... .......... .......... .......... 93% 90.6M 0s
  7850K .......... .......... .......... .......... .......... 93%  133M 0s
  7900K .......... .......... .......... .......... .......... 94%  109M 0s
  7950K .......... .......... .......... .......... .......... 94%  118M 0s
  8000K .......... .......... .......... .......... .......... 95%  102M 0s
  8050K .......... .......... .......... .......... .......... 96%  109M 0s
  8100K .......... .......... .......... .......... .......... 96%  113M 0s
  8150K .......... .......... .......... .......... .......... 97% 85.4M 0s
  8200K .......... .......... .......... .......... .......... 97%  124M 0s
  8250K .......... .......... .......... .......... .......... 98%  120M 0s
  8300K .......... .......... .......... .......... .......... 99%  114M 0s
  8350K .......... .......... .......... .......... .......... 99%  110M 0s
  8400K .......... .......... ..........                      100%  389K=1.1s

2026-03-17 10:34:19 (7.64 MB/s) - ‘ecoli_and_lambda.tar’ saved [8632320/8632320]

java -ea  --add-modules jdk.incubator.vector -Xmx8191m -Xms8191m -cp /sciclone/home/incullicott/.conda/envs/bbmap-env/opt/bbmap-39.79-0/bbtools.jar align2.BBMap build=1 overwrite=true fastareadlen=500 ref=ecoli_bl21de3.fasta in=lambda_reads.fastq out=mapping.sam nodisk=t ambiguous=best minid=0.9 threads=2
WARNING: Using incubator modules: jdk.incubator.vector
Executing align2.BBMap [build=1, overwrite=true, fastareadlen=500, ref=ecoli_bl21de3.fasta, in=lambda_reads.fastq, out=mapping.sam, nodisk=t, ambiguous=best, minid=0.9, threads=2]
Version 39.79

Retaining first best site only for ambiguous mappings.
Set MINIMUM_ALIGNMENT_SCORE_RATIO to 0.816
Executing dna.FastaToChromArrays2 [ecoli_bl21de3.fasta, 1, writeinthread=false, genscaffoldinfo=true, retain, waitforwriting=false, gz=true, maxlen=536670912, writechroms=false, minscaf=1, midpad=300, startpad=8000, stoppad=8000, nodisk=true]

Set genScaffoldInfo=true
Set genome to 1

Loaded Reference:	0.002 seconds.
Loading index for chunk 1-1, build 1
Indexing threads started for block 0-1
Indexing threads finished for block 0-1
Generated Index:	0.758 seconds.
Analyzed Index:   	2.599 seconds.
Started output stream:	0.064 seconds.
Cleared Memory:    	0.138 seconds.
Processing reads in single-ended mode.
Started read stream.
Started 2 mapping threads.
Detecting finished threads: 0, 1

   ------------------   Results   ------------------   

Genome:                	1
Key Length:            	13
Max Indel:             	16000
Minimum Score Ratio:  	0.8162
Mapping Mode:         	normal
Reads Used:           	10000	(1502980 bases)

Mapping:          	2.643 seconds.
Reads/sec:       	3783.06
kBases/sec:      	568.59


Read 1 data:      	pct reads	num reads 	pct bases	   num bases

mapped:          	 73.9100% 	     7391 	 73.8730% 	     1110296
unambiguous:     	 73.3400% 	     7334 	 73.3881% 	     1103008
ambiguous:       	  0.5700% 	       57 	  0.4849% 	        7288
low-Q discards:  	  0.0000% 	        0 	  0.0000% 	           0

perfect best site:	 47.8200% 	     4782 	 46.8839% 	      704656
semiperfect site:	 47.8200% 	     4782 	 46.8839% 	      704656

Match Rate:      	      NA 	       NA 	 89.9328% 	     1106747
Error Rate:      	 34.4923% 	     2609 	 10.0672% 	      123891
Sub Rate:        	 33.7520% 	     2553 	  0.2853% 	        3511
Del Rate:        	  0.8461% 	       64 	  9.7788% 	      120342
Ins Rate:        	  0.4627% 	       35 	  0.0031% 	          38
N Rate:          	  0.0000% 	        0 	  0.0000% 	           0

Total time:     	6.770 seconds.
